<?xml version="1.0" encoding="UTF-8"?>
<!-- Generated by org.testng.reporters.JUnitReportReporter -->
<testsuite skipped="0" hostname="DESKTOP-UK3A0F2" name="com.leafBot.testcases.TC003_CreateLead" tests="2" failures="0" timestamp="02 Feb 2020 07:25:54 GMT" time="61.211" errors="0">
  <testcase name="createLead" time="35.260" classname="com.leafBot.testcases.TC003_CreateLead"/>
  <testcase name="createLead" time="25.951" classname="com.leafBot.testcases.TC003_CreateLead"/>
</testsuite> <!-- com.leafBot.testcases.TC003_CreateLead -->
