<?xml version="1.0" encoding="UTF-8"?>
<!-- Generated by org.testng.reporters.JUnitReportReporter -->
<testsuite skipped="0" hostname="DESKTOP-UK3A0F2" name="com.leafBot.testcases.TC001_LoginLogOut" tests="3" failures="0" timestamp="01 Feb 2020 05:38:53 GMT" time="31.599" errors="0">
  <testcase name="createLeaf" time="9.043" classname="com.leafBot.testcases.TC001_LoginLogOut"/>
  <testcase name="createLeaf" time="9.276" classname="com.leafBot.testcases.TC001_LoginLogOut"/>
  <testcase name="createLeaf" time="13.280" classname="com.leafBot.testcases.TC001_LoginLogOut"/>
</testsuite> <!-- com.leafBot.testcases.TC001_LoginLogOut -->
